[1231/173251.629:ERROR:directory_reader_win.cc(43)] FindFirstFile: The system cannot find the path specified. (0x3)
[0104/024753.318:ERROR:directory_reader_win.cc(43)] FindFirstFile: The system cannot find the path specified. (0x3)
[0104/025036.561:ERROR:directory_reader_win.cc(43)] FindFirstFile: The system cannot find the path specified. (0x3)
[0104/025319.733:ERROR:directory_reader_win.cc(43)] FindFirstFile: The system cannot find the path specified. (0x3)
[0104/025546.547:ERROR:directory_reader_win.cc(43)] FindFirstFile: The system cannot find the path specified. (0x3)
[0104/025902.340:ERROR:directory_reader_win.cc(43)] FindFirstFile: The system cannot find the path specified. (0x3)
[0106/221855.498:ERROR:file_io.cc(90)] ReadExactly: expected 36, observed 0
[0107/012354.717:ERROR:filesystem_win.cc(129)] GetFileAttributes C:\Users\Sachin\AppData\Local\Temp\scoped_dir13404_975248173\Crashpad\attachments\16979ffe-c1fc-468b-ad90-f2ffbc7da201: The system cannot find the path specified. (0x3)
[0107/012354.719:ERROR:file_io_win.cc(162)] CreateFile C:\Users\Sachin\AppData\Local\Temp\scoped_dir12428_1748391958\Crashpad\settings.dat: The system cannot find the file specified. (0x2)
[0107/012355.190:ERROR:file_io_win.cc(162)] CreateFile C:\Users\Sachin\AppData\Local\Temp\scoped_dir23840_2098807751\Crashpad\settings.dat: The system cannot find the file specified. (0x2)
[0107/012355.454:ERROR:file_io_win.cc(162)] CreateFile C:\Users\Sachin\AppData\Local\Temp\scoped_dir13404_975248173\Crashpad\reports\16979ffe-c1fc-468b-ad90-f2ffbc7da201.dmp: The system cannot find the path specified. (0x3)
[0107/151152.360:ERROR:process_memory_win.cc(73)] ReadMemory at 0x2ff9dee000 of 73728 bytes failed: Only part of a ReadProcessMemory or WriteProcessMemory request was completed. (0x12B)
[0107/151152.360:ERROR:process_memory_win.cc(73)] ReadMemory at 0x2ffa5fe000 of 8192 bytes failed: Only part of a ReadProcessMemory or WriteProcessMemory request was completed. (0x12B)
[0107/151152.360:ERROR:process_memory_win.cc(73)] ReadMemory at 0x2ffadfd000 of 12288 bytes failed: Only part of a ReadProcessMemory or WriteProcessMemory request was completed. (0x12B)
[0107/151152.360:ERROR:process_memory_win.cc(73)] ReadMemory at 0x2ffb5fe000 of 8192 bytes failed: Only part of a ReadProcessMemory or WriteProcessMemory request was completed. (0x12B)
[0107/151152.360:ERROR:process_memory_win.cc(73)] ReadMemory at 0x2ffbdfd000 of 12288 bytes failed: Only part of a ReadProcessMemory or WriteProcessMemory request was completed. (0x12B)
[0107/151152.361:ERROR:process_memory_win.cc(73)] ReadMemory at 0x2ffcdfe000 of 8192 bytes failed: Only part of a ReadProcessMemory or WriteProcessMemory request was completed. (0x12B)
[0107/151152.361:ERROR:process_memory_win.cc(73)] ReadMemory at 0x2ffd5fe000 of 8192 bytes failed: Only part of a ReadProcessMemory or WriteProcessMemory request was completed. (0x12B)
[0107/151152.361:ERROR:process_memory_win.cc(73)] ReadMemory at 0x2ffddfc000 of 16384 bytes failed: Only part of a ReadProcessMemory or WriteProcessMemory request was completed. (0x12B)
[0107/151152.361:ERROR:process_memory_win.cc(73)] ReadMemory at 0x2ffedfe000 of 8192 bytes failed: Only part of a ReadProcessMemory or WriteProcessMemory request was completed. (0x12B)
[0107/151152.361:ERROR:process_memory_win.cc(73)] ReadMemory at 0x2fff5fc000 of 16384 bytes failed: Only part of a ReadProcessMemory or WriteProcessMemory request was completed. (0x12B)
[0107/151152.361:ERROR:process_memory_win.cc(73)] ReadMemory at 0x2fffdfd000 of 12288 bytes failed: Only part of a ReadProcessMemory or WriteProcessMemory request was completed. (0x12B)
[0107/151152.361:ERROR:process_memory_win.cc(73)] ReadMemory at 0x2f807fe000 of 8192 bytes failed: Only part of a ReadProcessMemory or WriteProcessMemory request was completed. (0x12B)
[0107/151152.361:ERROR:process_memory_win.cc(73)] ReadMemory at 0x2f80ffe000 of 8192 bytes failed: Only part of a ReadProcessMemory or WriteProcessMemory request was completed. (0x12B)
[0107/151152.361:ERROR:process_memory_win.cc(73)] ReadMemory at 0x2f817fe000 of 8192 bytes failed: Only part of a ReadProcessMemory or WriteProcessMemory request was completed. (0x12B)
[0107/151152.557:ERROR:process_memory_win.cc(73)] ReadMemory at 0x2ff9444000 of 852 bytes failed: Only part of a ReadProcessMemory or WriteProcessMemory request was completed. (0x12B)
[0107/151152.557:ERROR:process_memory_win.cc(73)] ReadMemory at 0x2ff9445000 of 6024 bytes failed: Only part of a ReadProcessMemory or WriteProcessMemory request was completed. (0x12B)
[0107/151152.558:ERROR:process_memory_win.cc(73)] ReadMemory at 0x2ff9447000 of 6024 bytes failed: Only part of a ReadProcessMemory or WriteProcessMemory request was completed. (0x12B)
[0107/151152.559:ERROR:process_memory_win.cc(73)] ReadMemory at 0x2ff9449000 of 6024 bytes failed: Only part of a ReadProcessMemory or WriteProcessMemory request was completed. (0x12B)
[0107/151152.559:ERROR:process_memory_win.cc(73)] ReadMemory at 0x2ff944b000 of 6024 bytes failed: Only part of a ReadProcessMemory or WriteProcessMemory request was completed. (0x12B)
[0107/151152.559:ERROR:process_memory_win.cc(73)] ReadMemory at 0x2ff944d000 of 6024 bytes failed: Only part of a ReadProcessMemory or WriteProcessMemory request was completed. (0x12B)
[0107/151152.559:ERROR:process_memory_win.cc(73)] ReadMemory at 0x2ff9451000 of 6024 bytes failed: Only part of a ReadProcessMemory or WriteProcessMemory request was completed. (0x12B)
[0107/151152.559:ERROR:process_memory_win.cc(73)] ReadMemory at 0x2ff9453000 of 6024 bytes failed: Only part of a ReadProcessMemory or WriteProcessMemory request was completed. (0x12B)
[0107/151152.559:ERROR:process_memory_win.cc(73)] ReadMemory at 0x2ff9455000 of 6024 bytes failed: Only part of a ReadProcessMemory or WriteProcessMemory request was completed. (0x12B)
[0107/151152.559:ERROR:process_memory_win.cc(73)] ReadMemory at 0x2ff9459000 of 6024 bytes failed: Only part of a ReadProcessMemory or WriteProcessMemory request was completed. (0x12B)
[0107/151152.559:ERROR:process_memory_win.cc(73)] ReadMemory at 0x2ff945b000 of 6024 bytes failed: Only part of a ReadProcessMemory or WriteProcessMemory request was completed. (0x12B)
[0107/151152.559:ERROR:process_memory_win.cc(73)] ReadMemory at 0x2ff945d000 of 6024 bytes failed: Only part of a ReadProcessMemory or WriteProcessMemory request was completed. (0x12B)
[0107/151152.559:ERROR:process_memory_win.cc(73)] ReadMemory at 0x2ff945f000 of 6024 bytes failed: Only part of a ReadProcessMemory or WriteProcessMemory request was completed. (0x12B)
[0107/151152.559:ERROR:process_memory_win.cc(73)] ReadMemory at 0x2ff9461000 of 6024 bytes failed: Only part of a ReadProcessMemory or WriteProcessMemory request was completed. (0x12B)
[0107/151152.560:ERROR:process_memory_win.cc(73)] ReadMemory at 0x2ff9463000 of 6024 bytes failed: Only part of a ReadProcessMemory or WriteProcessMemory request was completed. (0x12B)
[0107/151152.560:ERROR:process_memory_win.cc(73)] ReadMemory at 0x1a66d5b0fe0 of 6344 bytes failed: Only part of a ReadProcessMemory or WriteProcessMemory request was completed. (0x12B)
[0107/151152.560:ERROR:process_memory_win.cc(73)] ReadMemory at 0x1a66d5b28b0 of 1012 bytes failed: Only part of a ReadProcessMemory or WriteProcessMemory request was completed. (0x12B)
[0107/151152.560:ERROR:process_memory_win.cc(73)] ReadMemory at 0x1a66d5b2ef8 of 118 bytes failed: Only part of a ReadProcessMemory or WriteProcessMemory request was completed. (0x12B)
[0107/151152.560:ERROR:process_memory_win.cc(73)] ReadMemory at 0x1a66d5b2f70 of 1222 bytes failed: Only part of a ReadProcessMemory or WriteProcessMemory request was completed. (0x12B)
[0107/151152.560:ERROR:process_memory_win.cc(73)] ReadMemory at 0x1a66d5b3438 of 118 bytes failed: Only part of a ReadProcessMemory or WriteProcessMemory request was completed. (0x12B)
[0107/151152.560:ERROR:process_memory_win.cc(73)] ReadMemory at 0x1a66d5b34b0 of 96 bytes failed: Only part of a ReadProcessMemory or WriteProcessMemory request was completed. (0x12B)
[0107/151152.560:ERROR:process_memory_win.cc(73)] ReadMemory at 0x1a66d5b3520 of 58 bytes failed: Only part of a ReadProcessMemory or WriteProcessMemory request was completed. (0x12B)
[0107/151152.561:ERROR:process_memory_win.cc(73)] ReadMemory at 0x1a66d5b3620 of 132 bytes failed: Only part of a ReadProcessMemory or WriteProcessMemory request was completed. (0x12B)
[0107/151152.561:ERROR:process_memory_win.cc(73)] ReadMemory at 0x1a66d5b37b0 of 132 bytes failed: Only part of a ReadProcessMemory or WriteProcessMemory request was completed. (0x12B)
[0107/151152.561:ERROR:process_memory_win.cc(73)] ReadMemory at 0x1a66d5b3970 of 124 bytes failed: Only part of a ReadProcessMemory or WriteProcessMemory request was completed. (0x12B)
[0107/151152.561:ERROR:process_memory_win.cc(73)] ReadMemory at 0x1a66d5b3e70 of 132 bytes failed: Only part of a ReadProcessMemory or WriteProcessMemory request was completed. (0x12B)
[0107/151152.561:ERROR:process_memory_win.cc(73)] ReadMemory at 0x1a66d5b4000 of 64 bytes failed: Only part of a ReadProcessMemory or WriteProcessMemory request was completed. (0x12B)
[0107/151152.561:ERROR:process_memory_win.cc(73)] ReadMemory at 0x1a66d5b41c0 of 132 bytes failed: Only part of a ReadProcessMemory or WriteProcessMemory request was completed. (0x12B)
[0107/151152.561:ERROR:process_memory_win.cc(73)] ReadMemory at 0x1a66d5b4460 of 132 bytes failed: Only part of a ReadProcessMemory or WriteProcessMemory request was completed. (0x12B)
[0107/151152.561:ERROR:process_memory_win.cc(73)] ReadMemory at 0x1a66d5b45f0 of 68 bytes failed: Only part of a ReadProcessMemory or WriteProcessMemory request was completed. (0x12B)
[0107/151152.561:ERROR:process_memory_win.cc(73)] ReadMemory at 0x1a66d5b57a0 of 132 bytes failed: Only part of a ReadProcessMemory or WriteProcessMemory request was completed. (0x12B)
[0107/151152.561:ERROR:process_memory_win.cc(73)] ReadMemory at 0x1a66d5b5930 of 152 bytes failed: Only part of a ReadProcessMemory or WriteProcessMemory request was completed. (0x12B)
[0107/151152.561:ERROR:process_memory_win.cc(73)] ReadMemory at 0x1a66d5b7ae0 of 62 bytes failed: Only part of a ReadProcessMemory or WriteProcessMemory request was completed. (0x12B)
[0107/151152.561:ERROR:process_memory_win.cc(73)] ReadMemory at 0x1a66d5b7cd0 of 132 bytes failed: Only part of a ReadProcessMemory or WriteProcessMemory request was completed. (0x12B)
[0107/151152.562:ERROR:process_memory_win.cc(73)] ReadMemory at 0x1a66d5b7e00 of 60 bytes failed: Only part of a ReadProcessMemory or WriteProcessMemory request was completed. (0x12B)
[0107/151152.562:ERROR:process_memory_win.cc(73)] ReadMemory at 0x1a66d5bbcd0 of 62 bytes failed: Only part of a ReadProcessMemory or WriteProcessMemory request was completed. (0x12B)
[0107/151152.562:ERROR:process_memory_win.cc(73)] ReadMemory at 0x1a66d5bcfa4 of 512 bytes failed: Only part of a ReadProcessMemory or WriteProcessMemory request was completed. (0x12B)
[0107/151152.562:ERROR:process_memory_win.cc(73)] ReadMemory at 0x1a66d5c0740 of 54 bytes failed: Only part of a ReadProcessMemory or WriteProcessMemory request was completed. (0x12B)
[0107/151152.562:ERROR:process_memory_win.cc(73)] ReadMemory at 0x1a66d5c3230 of 80 bytes failed: Only part of a ReadProcessMemory or WriteProcessMemory request was completed. (0x12B)
[0107/151152.562:ERROR:process_memory_win.cc(73)] ReadMemory at 0x1a66d5c5110 of 132 bytes failed: Only part of a ReadProcessMemory or WriteProcessMemory request was completed. (0x12B)
[0107/151152.562:ERROR:process_memory_win.cc(73)] ReadMemory at 0x1a66d5c5690 of 132 bytes failed: Only part of a ReadProcessMemory or WriteProcessMemory request was completed. (0x12B)
[0107/151152.562:ERROR:process_memory_win.cc(73)] ReadMemory at 0x1a66d5c57c0 of 132 bytes failed: Only part of a ReadProcessMemory or WriteProcessMemory request was completed. (0x12B)
[0107/151152.562:ERROR:process_memory_win.cc(73)] ReadMemory at 0x1a66d5c58f0 of 132 bytes failed: Only part of a ReadProcessMemory or WriteProcessMemory request was completed. (0x12B)
[0107/151152.562:ERROR:process_memory_win.cc(73)] ReadMemory at 0x1a66d5c5be0 of 132 bytes failed: Only part of a ReadProcessMemory or WriteProcessMemory request was completed. (0x12B)
[0107/151152.562:ERROR:process_memory_win.cc(73)] ReadMemory at 0x1a66d5c5f80 of 132 bytes failed: Only part of a ReadProcessMemory or WriteProcessMemory request was completed. (0x12B)
[0107/151152.562:ERROR:process_memory_win.cc(73)] ReadMemory at 0x1a66d5c76f0 of 144 bytes failed: Only part of a ReadProcessMemory or WriteProcessMemory request was completed. (0x12B)
[0107/151152.562:ERROR:process_memory_win.cc(73)] ReadMemory at 0x1a66d5c7940 of 132 bytes failed: Only part of a ReadProcessMemory or WriteProcessMemory request was completed. (0x12B)
[0107/151152.562:ERROR:process_memory_win.cc(73)] ReadMemory at 0x1a66d5c7a70 of 132 bytes failed: Only part of a ReadProcessMemory or WriteProcessMemory request was completed. (0x12B)
[0107/151152.562:ERROR:process_memory_win.cc(73)] ReadMemory at 0x1a66d5c7ba0 of 132 bytes failed: Only part of a ReadProcessMemory or WriteProcessMemory request was completed. (0x12B)
[0107/151152.562:ERROR:process_memory_win.cc(73)] ReadMemory at 0x1a66d5c7cd0 of 132 bytes failed: Only part of a ReadProcessMemory or WriteProcessMemory request was completed. (0x12B)
[0107/151152.563:ERROR:process_memory_win.cc(73)] ReadMemory at 0x1a66d5c7e00 of 132 bytes failed: Only part of a ReadProcessMemory or WriteProcessMemory request was completed. (0x12B)
[0107/151152.563:ERROR:process_memory_win.cc(73)] ReadMemory at 0x1a66d5c7f30 of 132 bytes failed: Only part of a ReadProcessMemory or WriteProcessMemory request was completed. (0x12B)
[0107/151152.563:ERROR:process_memory_win.cc(73)] ReadMemory at 0x1a66d5c8060 of 132 bytes failed: Only part of a ReadProcessMemory or WriteProcessMemory request was completed. (0x12B)
[0107/151152.563:ERROR:process_memory_win.cc(73)] ReadMemory at 0x1a66d5c8190 of 132 bytes failed: Only part of a ReadProcessMemory or WriteProcessMemory request was completed. (0x12B)
[0107/151152.563:ERROR:process_memory_win.cc(73)] ReadMemory at 0x1a66d5c82c0 of 132 bytes failed: Only part of a ReadProcessMemory or WriteProcessMemory request was completed. (0x12B)
[0107/151152.563:ERROR:process_memory_win.cc(73)] ReadMemory at 0x1a66d5c83f0 of 132 bytes failed: Only part of a ReadProcessMemory or WriteProcessMemory request was completed. (0x12B)
[0107/151152.563:ERROR:process_memory_win.cc(73)] ReadMemory at 0x1a66d5c8520 of 132 bytes failed: Only part of a ReadProcessMemory or WriteProcessMemory request was completed. (0x12B)
[0107/151152.563:ERROR:process_memory_win.cc(73)] ReadMemory at 0x1a66d5c8780 of 132 bytes failed: Only part of a ReadProcessMemory or WriteProcessMemory request was completed. (0x12B)
[0107/151152.563:ERROR:process_memory_win.cc(73)] ReadMemory at 0x1a66d5c9e30 of 132 bytes failed: Only part of a ReadProcessMemory or WriteProcessMemory request was completed. (0x12B)
[0107/151152.563:ERROR:process_memory_win.cc(73)] ReadMemory at 0x1a66d5ca450 of 132 bytes failed: Only part of a ReadProcessMemory or WriteProcessMemory request was completed. (0x12B)
[0107/151152.563:ERROR:process_memory_win.cc(73)] ReadMemory at 0x1a66d5cb020 of 62 bytes failed: Only part of a ReadProcessMemory or WriteProcessMemory request was completed. (0x12B)
[0107/151152.563:ERROR:process_memory_win.cc(73)] ReadMemory at 0x1a66d5cb110 of 62 bytes failed: Only part of a ReadProcessMemory or WriteProcessMemory request was completed. (0x12B)
[0107/151152.563:ERROR:process_memory_win.cc(73)] ReadMemory at 0x1a66d5cb1b0 of 60 bytes failed: Only part of a ReadProcessMemory or WriteProcessMemory request was completed. (0x12B)
[0107/151152.563:ERROR:process_memory_win.cc(73)] ReadMemory at 0x1a66d5cb200 of 62 bytes failed: Only part of a ReadProcessMemory or WriteProcessMemory request was completed. (0x12B)
[0107/151152.563:ERROR:process_memory_win.cc(73)] ReadMemory at 0x1a66d5cb250 of 62 bytes failed: Only part of a ReadProcessMemory or WriteProcessMemory request was completed. (0x12B)
[0107/151152.564:ERROR:process_memory_win.cc(73)] ReadMemory at 0x1a66d5cb2a0 of 60 bytes failed: Only part of a ReadProcessMemory or WriteProcessMemory request was completed. (0x12B)
[0107/151152.564:ERROR:process_memory_win.cc(73)] ReadMemory at 0x1a66d5cb430 of 64 bytes failed: Only part of a ReadProcessMemory or WriteProcessMemory request was completed. (0x12B)
[0107/151152.564:ERROR:process_memory_win.cc(73)] ReadMemory at 0x1a66d5cb4d0 of 60 bytes failed: Only part of a ReadProcessMemory or WriteProcessMemory request was completed. (0x12B)
[0107/151152.564:ERROR:process_memory_win.cc(73)] ReadMemory at 0x1a66d5cb520 of 64 bytes failed: Only part of a ReadProcessMemory or WriteProcessMemory request was completed. (0x12B)
[0107/151152.564:ERROR:process_memory_win.cc(73)] ReadMemory at 0x1a66d5cb610 of 60 bytes failed: Only part of a ReadProcessMemory or WriteProcessMemory request was completed. (0x12B)
[0107/151152.564:ERROR:process_memory_win.cc(73)] ReadMemory at 0x1a66d5cb660 of 62 bytes failed: Only part of a ReadProcessMemory or WriteProcessMemory request was completed. (0x12B)
[0107/151152.564:ERROR:process_memory_win.cc(73)] ReadMemory at 0x1a66d5cb700 of 64 bytes failed: Only part of a ReadProcessMemory or WriteProcessMemory request was completed. (0x12B)
[0107/151152.564:ERROR:process_memory_win.cc(73)] ReadMemory at 0x1a66d5cb7a0 of 64 bytes failed: Only part of a ReadProcessMemory or WriteProcessMemory request was completed. (0x12B)
[0107/151152.564:ERROR:process_memory_win.cc(73)] ReadMemory at 0x1a66d5cb840 of 64 bytes failed: Only part of a ReadProcessMemory or WriteProcessMemory request was completed. (0x12B)
[0107/151152.564:ERROR:process_memory_win.cc(73)] ReadMemory at 0x1a66d5cb8e0 of 62 bytes failed: Only part of a ReadProcessMemory or WriteProcessMemory request was completed. (0x12B)
[0107/151152.564:ERROR:process_memory_win.cc(73)] ReadMemory at 0x1a66d5cb930 of 60 bytes failed: Only part of a ReadProcessMemory or WriteProcessMemory request was completed. (0x12B)
[0107/151152.564:ERROR:process_memory_win.cc(73)] ReadMemory at 0x1a66d5cb980 of 64 bytes failed: Only part of a ReadProcessMemory or WriteProcessMemory request was completed. (0x12B)
[0107/151152.564:ERROR:process_memory_win.cc(73)] ReadMemory at 0x1a66d5cbac0 of 64 bytes failed: Only part of a ReadProcessMemory or WriteProcessMemory request was completed. (0x12B)
[0107/151152.564:ERROR:process_memory_win.cc(73)] ReadMemory at 0x1a66d5cbb10 of 66 bytes failed: Only part of a ReadProcessMemory or WriteProcessMemory request was completed. (0x12B)
[0107/151152.564:ERROR:process_memory_win.cc(73)] ReadMemory at 0x1a66d5cbb60 of 64 bytes failed: Only part of a ReadProcessMemory or WriteProcessMemory request was completed. (0x12B)
[0107/151152.565:ERROR:process_memory_win.cc(73)] ReadMemory at 0x1a66d5cbbb0 of 66 bytes failed: Only part of a ReadProcessMemory or WriteProcessMemory request was completed. (0x12B)
[0107/151152.565:ERROR:process_memory_win.cc(73)] ReadMemory at 0x1a66d5cbca0 of 60 bytes failed: Only part of a ReadProcessMemory or WriteProcessMemory request was completed. (0x12B)
[0107/151152.565:ERROR:process_memory_win.cc(73)] ReadMemory at 0x1a66d5cbd90 of 58 bytes failed: Only part of a ReadProcessMemory or WriteProcessMemory request was completed. (0x12B)
[0107/151152.565:ERROR:process_memory_win.cc(73)] ReadMemory at 0x1a66d5cbde0 of 62 bytes failed: Only part of a ReadProcessMemory or WriteProcessMemory request was completed. (0x12B)
[0107/151152.565:ERROR:process_memory_win.cc(73)] ReadMemory at 0x1a66d5cbe30 of 62 bytes failed: Only part of a ReadProcessMemory or WriteProcessMemory request was completed. (0x12B)
[0107/151152.565:ERROR:process_memory_win.cc(73)] ReadMemory at 0x1a66d5cbe80 of 62 bytes failed: Only part of a ReadProcessMemory or WriteProcessMemory request was completed. (0x12B)
[0107/151152.565:ERROR:process_memory_win.cc(73)] ReadMemory at 0x1a66d5cd0e0 of 132 bytes failed: Only part of a ReadProcessMemory or WriteProcessMemory request was completed. (0x12B)
[0107/151152.565:ERROR:process_memory_win.cc(73)] ReadMemory at 0x1a66d5cd440 of 132 bytes failed: Only part of a ReadProcessMemory or WriteProcessMemory request was completed. (0x12B)
[0107/151152.565:ERROR:process_memory_win.cc(73)] ReadMemory at 0x1a66d5d32b0 of 132 bytes failed: Only part of a ReadProcessMemory or WriteProcessMemory request was completed. (0x12B)
[0107/151152.565:ERROR:process_memory_win.cc(73)] ReadMemory at 0x1a66d5d33e0 of 132 bytes failed: Only part of a ReadProcessMemory or WriteProcessMemory request was completed. (0x12B)
[0107/151152.565:ERROR:process_memory_win.cc(73)] ReadMemory at 0x1a66d5d3510 of 132 bytes failed: Only part of a ReadProcessMemory or WriteProcessMemory request was completed. (0x12B)
[0107/151152.565:ERROR:process_memory_win.cc(73)] ReadMemory at 0x1a66d5d3640 of 132 bytes failed: Only part of a ReadProcessMemory or WriteProcessMemory request was completed. (0x12B)
[0107/151152.566:ERROR:process_memory_win.cc(73)] ReadMemory at 0x1a66d5d3b00 of 132 bytes failed: Only part of a ReadProcessMemory or WriteProcessMemory request was completed. (0x12B)
[0107/151152.566:ERROR:process_memory_win.cc(73)] ReadMemory at 0x1a66d5d3c30 of 132 bytes failed: Only part of a ReadProcessMemory or WriteProcessMemory request was completed. (0x12B)
[0107/151152.566:ERROR:process_memory_win.cc(73)] ReadMemory at 0x1a66d5d3d60 of 132 bytes failed: Only part of a ReadProcessMemory or WriteProcessMemory request was completed. (0x12B)
[0107/151152.566:ERROR:process_memory_win.cc(73)] ReadMemory at 0x1a66d5d3e90 of 132 bytes failed: Only part of a ReadProcessMemory or WriteProcessMemory request was completed. (0x12B)
[0107/151152.566:ERROR:process_memory_win.cc(73)] ReadMemory at 0x1a66d5d3fc0 of 132 bytes failed: Only part of a ReadProcessMemory or WriteProcessMemory request was completed. (0x12B)
[0107/151152.566:ERROR:process_memory_win.cc(73)] ReadMemory at 0x1a66d5d40f0 of 132 bytes failed: Only part of a ReadProcessMemory or WriteProcessMemory request was completed. (0x12B)
[0107/151152.566:ERROR:process_memory_win.cc(73)] ReadMemory at 0x1a66d5d4220 of 132 bytes failed: Only part of a ReadProcessMemory or WriteProcessMemory request was completed. (0x12B)
[0107/151152.566:ERROR:process_memory_win.cc(73)] ReadMemory at 0x1a66d5d4350 of 132 bytes failed: Only part of a ReadProcessMemory or WriteProcessMemory request was completed. (0x12B)
[0107/151152.566:ERROR:process_memory_win.cc(73)] ReadMemory at 0x1a66d5d4480 of 132 bytes failed: Only part of a ReadProcessMemory or WriteProcessMemory request was completed. (0x12B)
[0107/151152.566:ERROR:process_memory_win.cc(73)] ReadMemory at 0x1a66d5d45b0 of 132 bytes failed: Only part of a ReadProcessMemory or WriteProcessMemory request was completed. (0x12B)
[0107/151152.566:ERROR:process_memory_win.cc(73)] ReadMemory at 0x1a66d5d46e0 of 132 bytes failed: Only part of a ReadProcessMemory or WriteProcessMemory request was completed. (0x12B)
[0107/151152.566:ERROR:process_memory_win.cc(73)] ReadMemory at 0x1a66d5d4810 of 132 bytes failed: Only part of a ReadProcessMemory or WriteProcessMemory request was completed. (0x12B)
[0107/151152.566:ERROR:process_memory_win.cc(73)] ReadMemory at 0x1a66d5d4940 of 132 bytes failed: Only part of a ReadProcessMemory or WriteProcessMemory request was completed. (0x12B)
[0107/151152.566:ERROR:process_memory_win.cc(73)] ReadMemory at 0x1a66d5d4a70 of 132 bytes failed: Only part of a ReadProcessMemory or WriteProcessMemory request was completed. (0x12B)
[0107/151152.566:ERROR:process_memory_win.cc(73)] ReadMemory at 0x1a66d5d4cd0 of 132 bytes failed: Only part of a ReadProcessMemory or WriteProcessMemory request was completed. (0x12B)
[0107/151152.567:ERROR:process_memory_win.cc(73)] ReadMemory at 0x1a66d5d4f30 of 132 bytes failed: Only part of a ReadProcessMemory or WriteProcessMemory request was completed. (0x12B)
[0107/151152.567:ERROR:process_memory_win.cc(73)] ReadMemory at 0x1a66d5d5060 of 132 bytes failed: Only part of a ReadProcessMemory or WriteProcessMemory request was completed. (0x12B)
[0107/151152.567:ERROR:process_memory_win.cc(73)] ReadMemory at 0x1a66d5d6e90 of 76 bytes failed: Only part of a ReadProcessMemory or WriteProcessMemory request was completed. (0x12B)
[0107/151152.567:ERROR:process_memory_win.cc(73)] ReadMemory at 0x1a66d5d70d0 of 80 bytes failed: Only part of a ReadProcessMemory or WriteProcessMemory request was completed. (0x12B)
[0107/151152.567:ERROR:process_memory_win.cc(73)] ReadMemory at 0x1a66d5f87c0 of 60 bytes failed: Only part of a ReadProcessMemory or WriteProcessMemory request was completed. (0x12B)
[0107/151152.567:ERROR:process_memory_win.cc(73)] ReadMemory at 0x1a66d5f89a0 of 62 bytes failed: Only part of a ReadProcessMemory or WriteProcessMemory request was completed. (0x12B)
[0107/151152.567:ERROR:process_memory_win.cc(73)] ReadMemory at 0x1a66d5f89f0 of 58 bytes failed: Only part of a ReadProcessMemory or WriteProcessMemory request was completed. (0x12B)
[0107/151152.567:ERROR:process_memory_win.cc(73)] ReadMemory at 0x1a66d5f8b30 of 62 bytes failed: Only part of a ReadProcessMemory or WriteProcessMemory request was completed. (0x12B)
[0107/151152.567:ERROR:process_memory_win.cc(73)] ReadMemory at 0x1a66d5f8bd0 of 62 bytes failed: Only part of a ReadProcessMemory or WriteProcessMemory request was completed. (0x12B)
[0107/151152.567:ERROR:process_memory_win.cc(73)] ReadMemory at 0x1a66d5f8c20 of 66 bytes failed: Only part of a ReadProcessMemory or WriteProcessMemory request was completed. (0x12B)
[0107/151152.567:ERROR:process_memory_win.cc(73)] ReadMemory at 0x1a66d5f8e00 of 58 bytes failed: Only part of a ReadProcessMemory or WriteProcessMemory request was completed. (0x12B)
[0107/151152.567:ERROR:process_memory_win.cc(73)] ReadMemory at 0x1a66d5f9120 of 58 bytes failed: Only part of a ReadProcessMemory or WriteProcessMemory request was completed. (0x12B)
[0107/151152.567:ERROR:process_memory_win.cc(73)] ReadMemory at 0x1a66d5f9210 of 60 bytes failed: Only part of a ReadProcessMemory or WriteProcessMemory request was completed. (0x12B)
[0107/151152.568:ERROR:process_memory_win.cc(73)] ReadMemory at 0x1a66d5f95d0 of 64 bytes failed: Only part of a ReadProcessMemory or WriteProcessMemory request was completed. (0x12B)
[0107/151152.568:ERROR:process_memory_win.cc(73)] ReadMemory at 0x1a66d605410 of 512 bytes failed: Only part of a ReadProcessMemory or WriteProcessMemory request was completed. (0x12B)
[0107/151152.568:ERROR:process_memory_win.cc(73)] ReadMemory at 0x1a66d60d970 of 78 bytes failed: Only part of a ReadProcessMemory or WriteProcessMemory request was completed. (0x12B)
[0107/151152.568:ERROR:process_memory_win.cc(73)] ReadMemory at 0x1a66d62dba0 of 512 bytes failed: Only part of a ReadProcessMemory or WriteProcessMemory request was completed. (0x12B)
[0107/151152.568:ERROR:process_memory_win.cc(73)] ReadMemory at 0x1a66d62e3a0 of 512 bytes failed: Only part of a ReadProcessMemory or WriteProcessMemory request was completed. (0x12B)
[0107/151152.568:ERROR:process_memory_win.cc(73)] ReadMemory at 0x1a66d632530 of 832 bytes failed: Only part of a ReadProcessMemory or WriteProcessMemory request was completed. (0x12B)
[0107/151152.568:ERROR:process_memory_win.cc(73)] ReadMemory at 0x1a66d63c240 of 512 bytes failed: Only part of a ReadProcessMemory or WriteProcessMemory request was completed. (0x12B)
[0107/151152.568:ERROR:process_memory_win.cc(73)] ReadMemory at 0x1a66d64f680 of 544 bytes failed: Only part of a ReadProcessMemory or WriteProcessMemory request was completed. (0x12B)
[0107/151152.568:ERROR:process_memory_win.cc(73)] ReadMemory at 0x1a66d65d580 of 512 bytes failed: Only part of a ReadProcessMemory or WriteProcessMemory request was completed. (0x12B)
[0107/151152.568:ERROR:process_memory_win.cc(73)] ReadMemory at 0x1a66d65f470 of 512 bytes failed: Only part of a ReadProcessMemory or WriteProcessMemory request was completed. (0x12B)
[0107/151152.568:ERROR:process_memory_win.cc(73)] ReadMemory at 0x1a66d666df0 of 512 bytes failed: Only part of a ReadProcessMemory or WriteProcessMemory request was completed. (0x12B)
[0107/151152.568:ERROR:process_memory_win.cc(73)] ReadMemory at 0x1a66d672fd0 of 712 bytes failed: Only part of a ReadProcessMemory or WriteProcessMemory request was completed. (0x12B)
[0107/151152.568:ERROR:process_memory_win.cc(73)] ReadMemory at 0x1a66d676c88 of 512 bytes failed: Only part of a ReadProcessMemory or WriteProcessMemory request was completed. (0x12B)
[0107/151152.568:ERROR:process_memory_win.cc(73)] ReadMemory at 0x1a66d676fe8 of 512 bytes failed: Only part of a ReadProcessMemory or WriteProcessMemory request was completed. (0x12B)
[0107/151152.568:ERROR:process_memory_win.cc(73)] ReadMemory at 0x1a66d677588 of 512 bytes failed: Only part of a ReadProcessMemory or WriteProcessMemory request was completed. (0x12B)
[0107/151152.568:ERROR:process_memory_win.cc(73)] ReadMemory at 0x1a66d677bb8 of 512 bytes failed: Only part of a ReadProcessMemory or WriteProcessMemory request was completed. (0x12B)
[0107/151152.568:ERROR:process_memory_win.cc(73)] ReadMemory at 0x1a66d68aea0 of 512 bytes failed: Only part of a ReadProcessMemory or WriteProcessMemory request was completed. (0x12B)
[0107/151152.568:ERROR:process_memory_win.cc(73)] ReadMemory at 0x1a66d68b670 of 512 bytes failed: Only part of a ReadProcessMemory or WriteProcessMemory request was completed. (0x12B)
[0107/151152.568:ERROR:process_memory_win.cc(73)] ReadMemory at 0x1a66d6b1000 of 512 bytes failed: Only part of a ReadProcessMemory or WriteProcessMemory request was completed. (0x12B)
[0107/151152.569:ERROR:process_memory_win.cc(73)] ReadMemory at 0x1a66d6b2440 of 512 bytes failed: Only part of a ReadProcessMemory or WriteProcessMemory request was completed. (0x12B)
[0107/151152.569:ERROR:process_memory_win.cc(73)] ReadMemory at 0x1a66f250000 of 384 bytes failed: Only part of a ReadProcessMemory or WriteProcessMemory request was completed. (0x12B)
[0107/151152.569:ERROR:process_memory_win.cc(73)] ReadMemory at 0x1a66f263800 of 512 bytes failed: Only part of a ReadProcessMemory or WriteProcessMemory request was completed. (0x12B)
[0107/151152.569:ERROR:process_memory_win.cc(73)] ReadMemory at 0x1a66f2fe1d6 of 1216 bytes failed: Only part of a ReadProcessMemory or WriteProcessMemory request was completed. (0x12B)
[0107/151152.569:ERROR:process_memory_win.cc(73)] ReadMemory at 0x1a66f679ff8 of 512 bytes failed: Only part of a ReadProcessMemory or WriteProcessMemory request was completed. (0x12B)
[0107/151152.569:ERROR:process_memory_win.cc(73)] ReadMemory at 0x1a66f68e680 of 512 bytes failed: Only part of a ReadProcessMemory or WriteProcessMemory request was completed. (0x12B)
[0107/151152.569:ERROR:process_memory_win.cc(73)] ReadMemory at 0x7ffdfb1e4640 of 512 bytes failed: Only part of a ReadProcessMemory or WriteProcessMemory request was completed. (0x12B)
[0107/151152.569:ERROR:process_memory_win.cc(73)] ReadMemory at 0x7ffe008177a0 of 512 bytes failed: Only part of a ReadProcessMemory or WriteProcessMemory request was completed. (0x12B)
[0107/151152.569:ERROR:process_memory_win.cc(73)] ReadMemory at 0x7ffe81bf3aa9 of 512 bytes failed: Only part of a ReadProcessMemory or WriteProcessMemory request was completed. (0x12B)
[0107/151152.569:ERROR:process_memory_win.cc(73)] ReadMemory at 0x7ffe81e1d6e0 of 512 bytes failed: Only part of a ReadProcessMemory or WriteProcessMemory request was completed. (0x12B)
[0107/151152.569:ERROR:process_memory_win.cc(73)] ReadMemory at 0x7ffe83691fd0 of 512 bytes failed: Only part of a ReadProcessMemory or WriteProcessMemory request was completed. (0x12B)
[0107/151152.569:ERROR:process_memory_win.cc(73)] ReadMemory at 0x7ffe840fc6f4 of 672 bytes failed: Only part of a ReadProcessMemory or WriteProcessMemory request was completed. (0x12B)
[0107/151152.569:ERROR:process_memory_win.cc(73)] ReadMemory at 0x7ffe840fccf4 of 512 bytes failed: Only part of a ReadProcessMemory or WriteProcessMemory request was completed. (0x12B)
[0107/151152.569:ERROR:process_memory_win.cc(73)] ReadMemory at 0x7ffe840fffa4 of 608 bytes failed: Only part of a ReadProcessMemory or WriteProcessMemory request was completed. (0x12B)
[0107/151152.569:ERROR:process_memory_win.cc(73)] ReadMemory at 0x7ffe8418c428 of 18 bytes failed: Only part of a ReadProcessMemory or WriteProcessMemory request was completed. (0x12B)
[0107/151152.569:ERROR:process_memory_win.cc(73)] ReadMemory at 0x7ffe841bf4f8 of 40 bytes failed: Only part of a ReadProcessMemory or WriteProcessMemory request was completed. (0x12B)
[0107/151152.570:ERROR:process_memory_win.cc(73)] ReadMemory at 0x7ffe841bf978 of 48 bytes failed: Only part of a ReadProcessMemory or WriteProcessMemory request was completed. (0x12B)
[0107/151152.570:ERROR:process_memory_win.cc(73)] ReadMemory at 0x7ffe841c53c0 of 64 bytes failed: Only part of a ReadProcessMemory or WriteProcessMemory request was completed. (0x12B)
[0107/151153.341:ERROR:scoped_process_suspend.cc(40)] NtResumeProcess: An attempt was made to access an exiting process. (0xc000010a)
[0108/012018.997:ERROR:directory_reader_win.cc(43)] FindFirstFile: The system cannot find the path specified. (0x3)
[0108/012237.146:ERROR:directory_reader_win.cc(43)] FindFirstFile: The system cannot find the path specified. (0x3)
[0108/191113.666:ERROR:exception_handler_server.cc(524)] ConnectNamedPipe: The pipe is being closed. (0xE8)
[0108/213403.721:ERROR:directory_reader_win.cc(43)] FindFirstFile: The system cannot find the path specified. (0x3)
